#
# There is insufficient memory for the Java Runtime Environment to continue.
# Native memory allocation (malloc) failed to allocate 32744 bytes for ChunkPool::allocate
# Possible reasons:
#   The system is out of physical RAM or swap space
#   The process is running with CompressedOops enabled, and the Java Heap may be blocking the growth of the native heap
# Possible solutions:
#   Reduce memory load on the system
#   Increase physical memory or swap space
#   Check if swap backing store is full
#   Decrease Java heap size (-Xmx/-Xms)
#   Decrease number of Java threads
#   Decrease Java thread stack sizes (-Xss)
#   Set larger code cache with -XX:ReservedCodeCacheSize=
#   JVM is running with Unscaled Compressed Oops mode in which the Java heap is
#     placed in the first 4GB address space. The Java Heap base address is the
#     maximum limit for the native heap growth. Please use -XX:HeapBaseMinAddress
#     to set the Java Heap base and to place the Java Heap above 4GB virtual address.
# This output file may be truncated or incomplete.
#
#  Out of Memory Error (allocation.cpp:272), pid=16916, tid=0x0000000000001960
#
# JRE version: Java(TM) SE Runtime Environment (8.0_261-b12) (build 1.8.0_261-b12)
# Java VM: Java HotSpot(TM) 64-Bit Server VM (25.261-b12 mixed mode windows-amd64 compressed oops)
# Failed to write core dump. Minidumps are not enabled by default on client versions of Windows
#

---------------  T H R E A D  ---------------

Current thread (0x0000017113edf800):  JavaThread "C1 CompilerThread2" daemon [_thread_in_native, id=6496, stack(0x000000717ce00000,0x000000717cf00000)]

Stack: [0x000000717ce00000,0x000000717cf00000]
Native frames: (J=compiled Java code, j=interpreted, Vv=VM code, C=native code)
V  [jvm.dll+0x33e5f9]
V  [jvm.dll+0x2850e2]
V  [jvm.dll+0x285d8d]
V  [jvm.dll+0x27c895]
V  [jvm.dll+0xe520d]
V  [jvm.dll+0xe556c]
V  [jvm.dll+0x42f3af]
V  [jvm.dll+0x3f5d14]
V  [jvm.dll+0x3fd4bf]
V  [jvm.dll+0x3f834c]
V  [jvm.dll+0x3fa660]
V  [jvm.dll+0x3f8a44]
V  [jvm.dll+0x3f29e6]
V  [jvm.dll+0x40562c]
V  [jvm.dll+0x4053a2]
V  [jvm.dll+0x3ef408]
V  [jvm.dll+0x3ef72e]
V  [jvm.dll+0x3ef99e]
V  [jvm.dll+0x3ef0f1]
V  [jvm.dll+0x3f0b2f]
V  [jvm.dll+0xbbbcb]
V  [jvm.dll+0xba22b]
V  [jvm.dll+0x24d962]
V  [jvm.dll+0x2a1cfc]
C  [ucrtbase.dll+0x210b2]
C  [KERNEL32.DLL+0x17c24]
C  [ntdll.dll+0x6d4d1]


Current CompileTask:
C1:   5807  602   !   3       java.awt.DefaultKeyboardFocusManager::dispatchEvent (1645 bytes)


---------------  P R O C E S S  ---------------

Java Threads: ( => current thread )
  0x000001711b7ec000 JavaThread "TimerQueue" daemon [_thread_blocked, id=16580, stack(0x000000717d800000,0x000000717d900000)]
  0x000001717fdc3000 JavaThread "DestroyJavaVM" [_thread_blocked, id=17228, stack(0x000000717c200000,0x000000717c300000)]
  0x0000017114e14800 JavaThread "AWT-EventQueue-0" [_thread_blocked, id=17000, stack(0x000000717d600000,0x000000717d700000)]
  0x0000017114d0e000 JavaThread "AWT-Windows" daemon [_thread_in_native, id=17136, stack(0x000000717d300000,0x000000717d400000)]
  0x0000017114d04800 JavaThread "AWT-Shutdown" [_thread_blocked, id=17076, stack(0x000000717d200000,0x000000717d300000)]
  0x0000017114cad800 JavaThread "Java2D Disposer" daemon [_thread_blocked, id=6868, stack(0x000000717d100000,0x000000717d200000)]
  0x0000017113ee3000 JavaThread "Service Thread" daemon [_thread_blocked, id=16988, stack(0x000000717cf00000,0x000000717d000000)]
=>0x0000017113edf800 JavaThread "C1 CompilerThread2" daemon [_thread_in_native, id=6496, stack(0x000000717ce00000,0x000000717cf00000)]
  0x0000017113ed7800 JavaThread "C2 CompilerThread1" daemon [_thread_blocked, id=16664, stack(0x000000717cd00000,0x000000717ce00000)]
  0x0000017113e81800 JavaThread "C2 CompilerThread0" daemon [_thread_blocked, id=17152, stack(0x000000717cc00000,0x000000717cd00000)]
  0x0000017113e80800 JavaThread "Attach Listener" daemon [_thread_blocked, id=16880, stack(0x000000717cb00000,0x000000717cc00000)]
  0x0000017113e7f800 JavaThread "Signal Dispatcher" daemon [_thread_blocked, id=6604, stack(0x000000717ca00000,0x000000717cb00000)]
  0x000001711372d800 JavaThread "Finalizer" daemon [_thread_blocked, id=3872, stack(0x000000717c900000,0x000000717ca00000)]
  0x0000017113e66000 JavaThread "Reference Handler" daemon [_thread_blocked, id=16476, stack(0x000000717c800000,0x000000717c900000)]

Other Threads:
  0x0000017113e42000 VMThread [stack: 0x000000717c700000,0x000000717c800000] [id=17344]
  0x0000017113ee6000 WatcherThread [stack: 0x000000717d000000,0x000000717d100000] [id=17148]

VM state:not at safepoint (normal execution)

VM Mutex/Monitor currently owned by a thread: None

heap address: 0x00000000c4400000, size: 956 MB, Compressed Oops mode: 32-bit
Narrow klass base: 0x0000000000000000, Narrow klass shift: 3
Compressed class space size: 1073741824 Address: 0x0000000100000000

Heap:
 PSYoungGen      total 17920K, used 3353K [0x00000000ec180000, 0x00000000ed580000, 0x0000000100000000)
  eden space 15360K, 21% used [0x00000000ec180000,0x00000000ec4c6460,0x00000000ed080000)
  from space 2560K, 0% used [0x00000000ed080000,0x00000000ed080000,0x00000000ed300000)
  to   space 2560K, 0% used [0x00000000ed300000,0x00000000ed300000,0x00000000ed580000)
 ParOldGen       total 30208K, used 1067K [0x00000000c4400000, 0x00000000c6180000, 0x00000000ec180000)
  object space 30208K, 3% used [0x00000000c4400000,0x00000000c450adc0,0x00000000c6180000)
 Metaspace       used 10095K, capacity 10292K, committed 10624K, reserved 1064960K
  class space    used 1228K, capacity 1318K, committed 1408K, reserved 1048576K

Card table byte_map: [0x0000017110b60000,0x0000017110d40000] byte_map_base: 0x000001711053e000

Marking Bits: (ParMarkBitMap*) 0x0000000053164fb0
 Begin Bits: [0x0000017110e80000, 0x0000017111d70000)
 End Bits:   [0x0000017111d70000, 0x0000017112c60000)

Polling page: 0x000001717fd70000

CodeCache: size=245760Kb used=2346Kb max_used=2346Kb free=243414Kb
 bounds [0x00000171017a0000, 0x0000017101a10000, 0x00000171107a0000]
 total_blobs=1057 nmethods=601 adapters=371
 compilation: enabled

Compilation events (10 events):
Event: 5.742 Thread 0x0000017113edf800 nmethod 597 0x00000171019e7e50 code [0x00000171019e7fe0, 0x00000171019e8530]
Event: 5.742 Thread 0x0000017113edf800  598       3       java.lang.reflect.Field::setBoolean (52 bytes)
Event: 5.742 Thread 0x0000017113edf800 nmethod 598 0x00000171019e8690 code [0x00000171019e8860, 0x00000171019e8eb0]
Event: 5.748 Thread 0x0000017113edf800  599       3       java.util.WeakHashMap::get (77 bytes)
Event: 5.749 Thread 0x0000017113edf800 nmethod 599 0x00000171019e90d0 code [0x00000171019e92a0, 0x00000171019e9b30]
Event: 5.749 Thread 0x0000017113edf800  600   !   3       java.awt.EventDispatchThread::filterAndCheckEvent (108 bytes)
Event: 5.750 Thread 0x0000017113edf800 nmethod 600 0x00000171019e9e90 code [0x00000171019ea0a0, 0x00000171019eae10]
Event: 5.750 Thread 0x0000017113edf800  601       3       sun.awt.SunToolkit::isTouchKeyboardAutoShowEnabled (4 bytes)
Event: 5.750 Thread 0x0000017113edf800 nmethod 601 0x00000171019e1850 code [0x00000171019e19a0, 0x00000171019e1af8]
Event: 5.758 Thread 0x0000017113edf800  602   !   3       java.awt.DefaultKeyboardFocusManager::dispatchEvent (1645 bytes)

GC Heap History (4 events):
Event: 0.835 GC heap before
{Heap before GC invocations=1 (full 0):
 PSYoungGen      total 17920K, used 3384K [0x00000000ec180000, 0x00000000ed580000, 0x0000000100000000)
  eden space 15360K, 22% used [0x00000000ec180000,0x00000000ec4ce240,0x00000000ed080000)
  from space 2560K, 0% used [0x00000000ed300000,0x00000000ed300000,0x00000000ed580000)
  to   space 2560K, 0% used [0x00000000ed080000,0x00000000ed080000,0x00000000ed300000)
 ParOldGen       total 40960K, used 0K [0x00000000c4400000, 0x00000000c6c00000, 0x00000000ec180000)
  object space 40960K, 0% used [0x00000000c4400000,0x00000000c4400000,0x00000000c6c00000)
 Metaspace       used 7757K, capacity 7876K, committed 8064K, reserved 1064960K
  class space    used 949K, capacity 1028K, committed 1152K, reserved 1048576K
Event: 0.838 GC heap after
Heap after GC invocations=1 (full 0):
 PSYoungGen      total 17920K, used 1200K [0x00000000ec180000, 0x00000000ed580000, 0x0000000100000000)
  eden space 15360K, 0% used [0x00000000ec180000,0x00000000ec180000,0x00000000ed080000)
  from space 2560K, 46% used [0x00000000ed080000,0x00000000ed1ac010,0x00000000ed300000)
  to   space 2560K, 0% used [0x00000000ed300000,0x00000000ed300000,0x00000000ed580000)
 ParOldGen       total 40960K, used 8K [0x00000000c4400000, 0x00000000c6c00000, 0x00000000ec180000)
  object space 40960K, 0% used [0x00000000c4400000,0x00000000c4402000,0x00000000c6c00000)
 Metaspace       used 7757K, capacity 7876K, committed 8064K, reserved 1064960K
  class space    used 949K, capacity 1028K, committed 1152K, reserved 1048576K
}
Event: 0.838 GC heap before
{Heap before GC invocations=2 (full 1):
 PSYoungGen      total 17920K, used 1200K [0x00000000ec180000, 0x00000000ed580000, 0x0000000100000000)
  eden space 15360K, 0% used [0x00000000ec180000,0x00000000ec180000,0x00000000ed080000)
  from space 2560K, 46% used [0x00000000ed080000,0x00000000ed1ac010,0x00000000ed300000)
  to   space 2560K, 0% used [0x00000000ed300000,0x00000000ed300000,0x00000000ed580000)
 ParOldGen       total 40960K, used 8K [0x00000000c4400000, 0x00000000c6c00000, 0x00000000ec180000)
  object space 40960K, 0% used [0x00000000c4400000,0x00000000c4402000,0x00000000c6c00000)
 Metaspace       used 7757K, capacity 7876K, committed 8064K, reserved 1064960K
  class space    used 949K, capacity 1028K, committed 1152K, reserved 1048576K
Event: 0.859 GC heap after
Heap after GC invocations=2 (full 1):
 PSYoungGen      total 17920K, used 0K [0x00000000ec180000, 0x00000000ed580000, 0x0000000100000000)
  eden space 15360K, 0% used [0x00000000ec180000,0x00000000ec180000,0x00000000ed080000)
  from space 2560K, 0% used [0x00000000ed080000,0x00000000ed080000,0x00000000ed300000)
  to   space 2560K, 0% used [0x00000000ed300000,0x00000000ed300000,0x00000000ed580000)
 ParOldGen       total 30208K, used 1067K [0x00000000c4400000, 0x00000000c6180000, 0x00000000ec180000)
  object space 30208K, 3% used [0x00000000c4400000,0x00000000c450adc0,0x00000000c6180000)
 Metaspace       used 7757K, capacity 7876K, committed 8064K, reserved 1062912K
  class space    used 949K, capacity 1028K, committed 1152K, reserved 1048576K
}

Deoptimization events (1 events):
Event: 0.726 Thread 0x000001717fdc3000 Uncommon trap: reason=null_check action=make_not_entrant pc=0x0000017101925854 method=java.lang.String.equals(Ljava/lang/Object;)Z @ 8

Classes redefined (0 events):
No events

Internal exceptions (10 events):
Event: 0.055 Thread 0x000001717fdc3000 Exception <a 'java/lang/NoSuchMethodError': Method sun.misc.Unsafe.prefetchRead(Ljava/lang/Object;J)V name or signature does not match> (0x00000000ec187fa8) thrown at [C:\jenkins\workspace\8-2-build-windows-amd64-cygwin\jdk8u261\295\hotspot\src\share\vm\p
Event: 0.291 Thread 0x000001717fdc3000 Exception <a 'java/security/PrivilegedActionException'> (0x00000000ec203d88) thrown at [C:\jenkins\workspace\8-2-build-windows-amd64-cygwin\jdk8u261\295\hotspot\src\share\vm\prims\jvm.cpp, line 1512]
Event: 0.291 Thread 0x000001717fdc3000 Exception <a 'java/security/PrivilegedActionException'> (0x00000000ec203f98) thrown at [C:\jenkins\workspace\8-2-build-windows-amd64-cygwin\jdk8u261\295\hotspot\src\share\vm\prims\jvm.cpp, line 1512]
Event: 0.293 Thread 0x000001717fdc3000 Exception <a 'java/security/PrivilegedActionException'> (0x00000000ec207ea8) thrown at [C:\jenkins\workspace\8-2-build-windows-amd64-cygwin\jdk8u261\295\hotspot\src\share\vm\prims\jvm.cpp, line 1512]
Event: 0.293 Thread 0x000001717fdc3000 Exception <a 'java/security/PrivilegedActionException'> (0x00000000ec2080b8) thrown at [C:\jenkins\workspace\8-2-build-windows-amd64-cygwin\jdk8u261\295\hotspot\src\share\vm\prims\jvm.cpp, line 1512]
Event: 0.305 Thread 0x000001717fdc3000 Exception <a 'java/io/FileNotFoundException'> (0x00000000ec20a318) thrown at [C:\jenkins\workspace\8-2-build-windows-amd64-cygwin\jdk8u261\295\hotspot\src\share\vm\prims\jni.cpp, line 710]
Event: 0.397 Thread 0x000001717fdc3000 Exception <a 'java/lang/NoSuchFieldError': method resolution failed> (0x00000000ec328b40) thrown at [C:\jenkins\workspace\8-2-build-windows-amd64-cygwin\jdk8u261\295\hotspot\src\share\vm\prims\methodHandles.cpp, line 1169]
Event: 0.401 Thread 0x000001717fdc3000 Exception <a 'java/lang/NoSuchFieldError': method resolution failed> (0x00000000ec335f10) thrown at [C:\jenkins\workspace\8-2-build-windows-amd64-cygwin\jdk8u261\295\hotspot\src\share\vm\prims\methodHandles.cpp, line 1169]
Event: 0.498 Thread 0x000001717fdc3000 Exception <a 'java/io/FileNotFoundException'> (0x00000000ec3cf3e8) thrown at [C:\jenkins\workspace\8-2-build-windows-amd64-cygwin\jdk8u261\295\hotspot\src\share\vm\prims\jni.cpp, line 710]
Event: 0.726 Thread 0x000001717fdc3000 Implicit null exception at 0x000001710192569b to 0x0000017101925845

Events (10 events):
Event: 1.189 loading class sun/reflect/UnsafeBooleanFieldAccessorImpl
Event: 1.189 loading class sun/reflect/UnsafeBooleanFieldAccessorImpl done
Event: 1.194 loading class java/util/concurrent/locks/LockSupport
Event: 1.195 loading class java/util/concurrent/locks/LockSupport done
Event: 1.685 loading class javax/swing/Timer$1
Event: 1.685 loading class javax/swing/Timer$1 done
Event: 2.190 loading class java/awt/LightweightDispatcher$2
Event: 2.190 loading class java/awt/LightweightDispatcher$2 done
Event: 4.260 Executing VM operation: EnableBiasedLocking
Event: 4.261 Executing VM operation: EnableBiasedLocking done


Dynamic libraries:
0x00007ff741580000 - 0x00007ff7415c7000 	C:\Program Files\Java\jdk1.8.0_261\bin\java.exe
0x00007ffaa44e0000 - 0x00007ffaa46d0000 	C:\WINDOWS\SYSTEM32\ntdll.dll
0x00007ffaa4100000 - 0x00007ffaa41b2000 	C:\WINDOWS\System32\KERNEL32.DLL
0x00007ffaa1450000 - 0x00007ffaa16f5000 	C:\WINDOWS\System32\KERNELBASE.dll
0x00007ffaa2590000 - 0x00007ffaa2633000 	C:\WINDOWS\System32\ADVAPI32.dll
0x00007ffaa41c0000 - 0x00007ffaa425e000 	C:\WINDOWS\System32\msvcrt.dll
0x00007ffaa2ee0000 - 0x00007ffaa2f77000 	C:\WINDOWS\System32\sechost.dll
0x00007ffaa2660000 - 0x00007ffaa2780000 	C:\WINDOWS\System32\RPCRT4.dll
0x00007ffaa3700000 - 0x00007ffaa3894000 	C:\WINDOWS\System32\USER32.dll
0x00007ffaa1750000 - 0x00007ffaa1771000 	C:\WINDOWS\System32\win32u.dll
0x00007ffaa3a40000 - 0x00007ffaa3a66000 	C:\WINDOWS\System32\GDI32.dll
0x00007ffaa22b0000 - 0x00007ffaa2446000 	C:\WINDOWS\System32\gdi32full.dll
0x00007ffaa2210000 - 0x00007ffaa22ae000 	C:\WINDOWS\System32\msvcp_win.dll
0x00007ffaa1780000 - 0x00007ffaa187a000 	C:\WINDOWS\System32\ucrtbase.dll
0x00007ffa905f0000 - 0x00007ffa90874000 	C:\WINDOWS\WinSxS\amd64_microsoft.windows.common-controls_6595b64144ccf1df_6.0.18362.1256_none_9e7e379be45e40e2\COMCTL32.dll
0x00007ffaa3a70000 - 0x00007ffaa3da6000 	C:\WINDOWS\System32\combase.dll
0x00007ffaa2030000 - 0x00007ffaa20b1000 	C:\WINDOWS\System32\bcryptPrimitives.dll
0x00007ffaa3db0000 - 0x00007ffaa3dde000 	C:\WINDOWS\System32\IMM32.DLL
0x00007ffa99240000 - 0x00007ffa99255000 	C:\Program Files\Java\jdk1.8.0_261\jre\bin\vcruntime140.dll
0x00007ffa8c460000 - 0x00007ffa8c4fb000 	C:\Program Files\Java\jdk1.8.0_261\jre\bin\msvcp140.dll
0x0000000052970000 - 0x00000000531dc000 	C:\Program Files\Java\jdk1.8.0_261\jre\bin\server\jvm.dll
0x00007ffaa4490000 - 0x00007ffaa4498000 	C:\WINDOWS\System32\PSAPI.DLL
0x00007ffa99230000 - 0x00007ffa99239000 	C:\WINDOWS\SYSTEM32\WSOCK32.dll
0x00007ffaa3f10000 - 0x00007ffaa3f7f000 	C:\WINDOWS\System32\WS2_32.dll
0x00007ffa9e000000 - 0x00007ffa9e024000 	C:\WINDOWS\SYSTEM32\WINMM.dll
0x00007ffa9abe0000 - 0x00007ffa9abea000 	C:\WINDOWS\SYSTEM32\VERSION.dll
0x00007ffa9dfd0000 - 0x00007ffa9dffd000 	C:\WINDOWS\SYSTEM32\winmmbase.dll
0x00007ffaa1700000 - 0x00007ffaa174a000 	C:\WINDOWS\System32\cfgmgr32.dll
0x00007ffaa1410000 - 0x00007ffaa1421000 	C:\WINDOWS\System32\kernel.appcore.dll
0x00007ffa9e0a0000 - 0x00007ffa9e0b0000 	C:\Program Files\Java\jdk1.8.0_261\jre\bin\verify.dll
0x00007ffa90ca0000 - 0x00007ffa90ccb000 	C:\Program Files\Java\jdk1.8.0_261\jre\bin\java.dll
0x00007ffa984a0000 - 0x00007ffa984b8000 	C:\Program Files\Java\jdk1.8.0_261\jre\bin\zip.dll
0x00007ffaa2780000 - 0x00007ffaa2e67000 	C:\WINDOWS\System32\SHELL32.dll
0x00007ffaa4050000 - 0x00007ffaa40f9000 	C:\WINDOWS\System32\shcore.dll
0x00007ffaa18a0000 - 0x00007ffaa2021000 	C:\WINDOWS\System32\windows.storage.dll
0x00007ffaa1390000 - 0x00007ffaa13b3000 	C:\WINDOWS\System32\profapi.dll
0x00007ffaa13c0000 - 0x00007ffaa140a000 	C:\WINDOWS\System32\powrprof.dll
0x00007ffaa1380000 - 0x00007ffaa1390000 	C:\WINDOWS\System32\UMPDC.dll
0x00007ffaa2e80000 - 0x00007ffaa2ed2000 	C:\WINDOWS\System32\shlwapi.dll
0x00007ffaa1880000 - 0x00007ffaa1897000 	C:\WINDOWS\System32\cryptsp.dll
0x00007ffa7ee00000 - 0x00007ffa7ef94000 	C:\Program Files\Java\jdk1.8.0_261\jre\bin\awt.dll
0x00007ffaa3630000 - 0x00007ffaa36f5000 	C:\WINDOWS\System32\OLEAUT32.dll
0x00007ffa9f5c0000 - 0x00007ffa9f64f000 	C:\WINDOWS\SYSTEM32\apphelp.dll
0x00007ffa9faf0000 - 0x00007ffa9fb1d000 	C:\WINDOWS\system32\DWMAPI.DLL
0x00007ffa9f6c0000 - 0x00007ffa9f759000 	C:\WINDOWS\system32\uxtheme.dll
0x00007ffa7cdd0000 - 0x00007ffa7cf26000 	C:\WINDOWS\system32\opengl32.dll
0x00007ffa85af0000 - 0x00007ffa85b1c000 	C:\WINDOWS\SYSTEM32\GLU32.dll
0x00007ffa9ffc0000 - 0x00007ffa9ffe0000 	C:\WINDOWS\SYSTEM32\dxcore.dll
0x00007ffaa38a0000 - 0x00007ffaa39d5000 	C:\WINDOWS\System32\MSCTF.dll
0x00007ffaa4330000 - 0x00007ffaa4487000 	C:\WINDOWS\System32\ole32.dll
0x00007ffa82280000 - 0x00007ffa82447000 	C:\WINDOWS\system32\d3d9.dll
0x00007ffa9abf0000 - 0x00007ffa9adcb000 	C:\WINDOWS\System32\DriverStore\FileRepository\c0359160.inf_amd64_77f1d6913ff60c38\B358802\aticfx64.dll
0x00007ffa7cc30000 - 0x00007ffa7cc63000 	C:\WINDOWS\System32\DriverStore\FileRepository\c0359160.inf_amd64_77f1d6913ff60c38\B358802\atiu9p64.dll
0x00007ffa50b20000 - 0x00007ffa517f8000 	C:\WINDOWS\System32\DriverStore\FileRepository\c0359160.inf_amd64_77f1d6913ff60c38\B358802\atiumd64.dll
0x00007ffa98670000 - 0x00007ffa98864000 	C:\WINDOWS\SYSTEM32\dbghelp.dll
0x00007ffa92670000 - 0x00007ffa9269a000 	C:\WINDOWS\SYSTEM32\dbgcore.DLL
0x0000000053820000 - 0x00000000546ae000 	C:\WINDOWS\System32\DriverStore\FileRepository\c0359160.inf_amd64_77f1d6913ff60c38\B358802\atiumd6a.dll
0x00007ffa991f0000 - 0x00007ffa9921f000 	C:\WINDOWS\SYSTEM32\amdihk64.dll
0x00007ffa8ddb0000 - 0x00007ffa8ddf9000 	C:\Program Files\Java\jdk1.8.0_261\jre\bin\fontmanager.dll
0x00007ffaa3de0000 - 0x00007ffaa3e82000 	C:\WINDOWS\System32\clbcatq.dll
0x00007ffa9ce10000 - 0x00007ffa9cfbf000 	C:\WINDOWS\SYSTEM32\WindowsCodecs.dll
0x00007ffa91370000 - 0x00007ffa913aa000 	C:\WINDOWS\system32\dataexchange.dll
0x00007ffa9ec00000 - 0x00007ffa9ee5b000 	C:\WINDOWS\system32\d3d11.dll
0x00007ffa9ee60000 - 0x00007ffa9f03d000 	C:\WINDOWS\system32\dcomp.dll
0x00007ffaa0050000 - 0x00007ffaa013b000 	C:\WINDOWS\system32\dxgi.dll
0x00007ffa9f780000 - 0x00007ffa9f9e2000 	C:\WINDOWS\system32\twinapi.appcore.dll
0x00007ffa9fb20000 - 0x00007ffa9fb49000 	C:\WINDOWS\system32\RMCLIENT.dll
0x00007ffa97e60000 - 0x00007ffa97efe000 	C:\WINDOWS\System32\TextInputFramework.dll
0x00007ffa9d370000 - 0x00007ffa9d69a000 	C:\WINDOWS\System32\CoreUIComponents.dll
0x00007ffa9f040000 - 0x00007ffa9f114000 	C:\WINDOWS\System32\CoreMessaging.dll
0x00007ffaa03c0000 - 0x00007ffaa03f1000 	C:\WINDOWS\SYSTEM32\ntmarta.dll
0x00007ffa9d120000 - 0x00007ffa9d273000 	C:\WINDOWS\SYSTEM32\wintypes.dll
0x00007ffa981a0000 - 0x00007ffa981bc000 	C:\Program Files\Java\jdk1.8.0_261\jre\bin\net.dll
0x00007ffaa0b70000 - 0x00007ffaa0bd7000 	C:\WINDOWS\system32\mswsock.dll
0x00007ffa98140000 - 0x00007ffa98153000 	C:\Program Files\Java\jdk1.8.0_261\jre\bin\nio.dll
0x00007ffa7fd70000 - 0x00007ffa7fdb3000 	C:\Program Files\Java\jdk1.8.0_261\jre\bin\t2k.dll
0x00007ffa962a0000 - 0x00007ffa96547000 	C:\WINDOWS\System32\iertutil.dll

VM Arguments:
jvm_args: -Dfile.encoding=UTF-8 
java_command: dsproject.DSPROJECT
java_class_path (initial): C:\Users\Kumail\Desktop\Netbeans\DS LAB TASKS\DSPROJECT\build\classes
Launcher Type: SUN_STANDARD

Environment Variables:
PATH=C:\Program Files (x86)\Common Files\Oracle\Java\javapath;C:\WINDOWS\system32;C:\WINDOWS;C:\WINDOWS\System32\Wbem;C:\WINDOWS\System32\WindowsPowerShell\v1.0\;C:\Program Files\IBM\SPSS\Statistics\25\JRE\bin;C:\WINDOWS\System32\OpenSSH\;C:\Program Files\Java\jdk1.8.0_261\bin;C:\Users\Kumail\AppData\Local\Microsoft\WindowsApps;
USERNAME=Kumail
OS=Windows_NT
PROCESSOR_IDENTIFIER=Intel64 Family 6 Model 23 Stepping 10, GenuineIntel



---------------  S Y S T E M  ---------------

OS: Windows 10.0 , 64 bit Build 18362 (10.0.18362.1110)

CPU:total 4 (initial active 4) (4 cores per cpu, 1 threads per core) family 6 model 23 stepping 10, cmov, cx8, fxsr, mmx, sse, sse2, sse3, ssse3, sse4.1, tsc

Memory: 4k page, physical 3913900k(301084k free), swap 15972524k(1048k free)

vm_info: Java HotSpot(TM) 64-Bit Server VM (25.261-b12) for windows-amd64 JRE (1.8.0_261-b12), built on Jun 18 2020 06:56:32 by "" with unknown MS VC++:1916

time: Thu Jan  7 13:33:35 2021
timezone: Pakistan Standard Time
elapsed time: 5 seconds (0d 0h 0m 5s)

